This file contains any messages produced by compilers while
running configure, to aid debugging if configure makes a mistake.

It was created by ragel configure 6.10, which was
generated by GNU Autoconf 2.69.  Invocation command line was

  $ ./configure 

## --------- ##
## Platform. ##
## --------- ##

hostname = DESKTOP-43MK6AB
uname -m = i686
uname -r = 1.0.19(0.48/3/2)
uname -s = MINGW32_NT-6.2
uname -v = 2016-07-13 17:45

/usr/bin/uname -p = unknown
/bin/uname -X     = unknown

/bin/arch              = unknown
/usr/bin/arch -k       = unknown
/usr/convex/getsysinfo = unknown
/usr/bin/hostinfo      = unknown
/bin/machine           = unknown
/usr/bin/oslevel       = unknown
/bin/universe          = unknown

PATH: .
PATH: /usr/local/bin
PATH: /mingw/bin
PATH: /bin
PATH: /d/Programming/Python/Lib/site-packages/PyQt4
PATH: /c/ProgramData/Oracle/Java/javapath
PATH: /c/WINDOWS/system32
PATH: /c/WINDOWS
PATH: /c/WINDOWS/System32/Wbem
PATH: /c/WINDOWS/System32/WindowsPowerShell/v1.0/
PATH: /c/Users/LenovoProfesionall/.dnx/bin
PATH: /c/Program Files/Microsoft DNX/Dnvm/
PATH: /c/Program Files/Microsoft SQL Server/130/Tools/Binn/
PATH: /d/Programming/Python
PATH: .
PATH: /c/WINDOWS/System32/OpenSSH/
PATH: /c/Program Files (x86)/NVIDIA Corporation/PhysX/Common
PATH: /c/Program Files (x86)/Windows Kits/10/Windows Performance Toolkit/
PATH: /c/Program Files/TortoiseGit/bin
PATH: /d/Programming/Python/Scripts/
PATH: /d/Programming/Python/
PATH: /c/Users/LenovoProfesionall/AppData/Local/Microsoft/WindowsApps
PATH: /d/Kituri/MikTex/miktex/bin/x64/
PATH: /d/Projects/Compiler/GnuWin32/bin
PATH: /mingw/bin
PATH: /d/Projects/Compiler/ragel-6.10
PATH: /d/Projects/Compiler/autoconf-2.69/bin
PATH: /d/Projects/Compiler/automake-1.16/bin
PATH: .


## ----------- ##
## Core tests. ##
## ----------- ##

configure:1911: checking for a BSD-compatible install
configure:1979: result: /bin/install -c
configure:1990: checking whether build environment is sane
configure:2045: result: yes
configure:2196: checking for a thread-safe mkdir -p
configure:2235: result: /bin/mkdir -p
configure:2242: checking for gawk
configure:2258: found /bin/gawk
configure:2269: result: gawk
configure:2280: checking whether make sets $(MAKE)
configure:2302: result: yes
configure:2331: checking whether make supports nested variables
configure:2348: result: yes
configure:2565: checking for gcc
configure:2581: found /mingw/bin/gcc
configure:2592: result: gcc
configure:2821: checking for C compiler version
configure:2830: gcc --version >&5
gcc.exe (MinGW.org GCC-6.3.0-1) 6.3.0
Copyright (C) 2016 Free Software Foundation, Inc.
This is free software; see the source for copying conditions.  There is NO
warranty; not even for MERCHANTABILITY or FITNESS FOR A PARTICULAR PURPOSE.

configure:2841: $? = 0
configure:2830: gcc -v >&5
Using built-in specs.
COLLECT_GCC=C:\MinGW\bin\gcc.exe
COLLECT_LTO_WRAPPER=c:/mingw/bin/../libexec/gcc/mingw32/6.3.0/lto-wrapper.exe
Target: mingw32
Configured with: ../src/gcc-6.3.0/configure --build=x86_64-pc-linux-gnu --host=mingw32 --target=mingw32 --with-gmp=/mingw --with-mpfr --with-mpc=/mingw --with-isl=/mingw --prefix=/mingw --disable-win32-registry --with-arch=i586 --with-tune=generic --enable-languages=c,c++,objc,obj-c++,fortran,ada --with-pkgversion='MinGW.org GCC-6.3.0-1' --enable-static --enable-shared --enable-threads --with-dwarf2 --disable-sjlj-exceptions --enable-version-specific-runtime-libs --with-libiconv-prefix=/mingw --with-libintl-prefix=/mingw --enable-libstdcxx-debug --enable-libgomp --disable-libvtv --enable-nls
Thread model: win32
gcc version 6.3.0 (MinGW.org GCC-6.3.0-1) 
configure:2841: $? = 0
configure:2830: gcc -V >&5
gcc.exe: error: unrecognized command line option '-V'
gcc.exe: fatal error: no input files
compilation terminated.
configure:2841: $? = 1
configure:2830: gcc -qversion >&5
gcc.exe: error: unrecognized command line option '-qversion'; did you mean '--version'?
gcc.exe: fatal error: no input files
compilation terminated.
configure:2841: $? = 1
configure:2861: checking whether the C compiler works
configure:2883: gcc    conftest.c  >&5
configure:2887: $? = 0
configure:2935: result: yes
configure:2938: checking for C compiler default output file name
configure:2940: result: a.exe
configure:2946: checking for suffix of executables
configure:2953: gcc -o conftest.exe    conftest.c  >&5
configure:2957: $? = 0
configure:2979: result: .exe
configure:3001: checking whether we are cross compiling
configure:3009: gcc -o conftest.exe    conftest.c  >&5
configure:3013: $? = 0
configure:3020: ./conftest.exe
configure:3024: $? = 0
configure:3039: result: no
configure:3044: checking for suffix of object files
configure:3066: gcc -c   conftest.c >&5
configure:3070: $? = 0
configure:3091: result: o
configure:3095: checking whether we are using the GNU C compiler
configure:3114: gcc -c   conftest.c >&5
configure:3114: $? = 0
configure:3123: result: yes
configure:3132: checking whether gcc accepts -g
configure:3152: gcc -c -g  conftest.c >&5
configure:3152: $? = 0
configure:3193: result: yes
configure:3210: checking for gcc option to accept ISO C89
configure:3273: gcc  -c -g -O2  conftest.c >&5
configure:3273: $? = 0
configure:3286: result: none needed
configure:3311: checking whether gcc understands -c and -o together
configure:3333: gcc -c conftest.c -o conftest2.o
configure:3336: $? = 0
configure:3333: gcc -c conftest.c -o conftest2.o
configure:3336: $? = 0
configure:3348: result: yes
configure:3376: checking for style of include used by make
configure:3404: result: GNU
configure:3430: checking dependency style of gcc
configure:3541: result: gcc3
configure:3614: checking for g++
configure:3630: found /mingw/bin/g++
configure:3641: result: g++
configure:3668: checking for C++ compiler version
configure:3677: g++ --version >&5
g++.exe (MinGW.org GCC-6.3.0-1) 6.3.0
Copyright (C) 2016 Free Software Foundation, Inc.
This is free software; see the source for copying conditions.  There is NO
warranty; not even for MERCHANTABILITY or FITNESS FOR A PARTICULAR PURPOSE.

configure:3688: $? = 0
configure:3677: g++ -v >&5
Using built-in specs.
COLLECT_GCC=C:\MinGW\bin\g++.exe
COLLECT_LTO_WRAPPER=c:/mingw/bin/../libexec/gcc/mingw32/6.3.0/lto-wrapper.exe
Target: mingw32
Configured with: ../src/gcc-6.3.0/configure --build=x86_64-pc-linux-gnu --host=mingw32 --with-gmp=/mingw --with-mpfr=/mingw --with-mpc=/mingw --with-isl=/mingw --prefix=/mingw --disable-win32-registry --target=mingw32 --with-arch=i586 --enable-languages=c,c++,objc,obj-c++,fortran,ada --with-pkgversion='MinGW.org GCC-6.3.0-1' --enable-static --enable-shared --enable-threads --with-dwarf2 --disable-sjlj-exceptions --enable-version-specific-runtime-libs --with-libiconv-prefix=/mingw --with-libintl-prefix=/mingw --enable-libstdcxx-debug --with-tune=generic --enable-libgomp --disable-libvtv --enable-nls
Thread model: win32
gcc version 6.3.0 (MinGW.org GCC-6.3.0-1) 
configure:3688: $? = 0
configure:3677: g++ -V >&5
g++.exe: error: unrecognized command line option '-V'
g++.exe: fatal error: no input files
compilation terminated.
configure:3688: $? = 1
configure:3677: g++ -qversion >&5
g++.exe: error: unrecognized command line option '-qversion'; did you mean '--version'?
g++.exe: fatal error: no input files
compilation terminated.
configure:3688: $? = 1
configure:3692: checking whether we are using the GNU C++ compiler
configure:3711: g++ -c   conftest.cpp >&5
configure:3711: $? = 0
configure:3720: result: yes
configure:3729: checking whether g++ accepts -g
configure:3749: g++ -c -g  conftest.cpp >&5
configure:3749: $? = 0
configure:3790: result: yes
configure:3815: checking dependency style of g++
configure:3926: result: gcc3
configure:3984: checking for ar
configure:4000: found /mingw/bin/ar
configure:4011: result: ar
configure:4076: checking for ranlib
configure:4092: found /mingw/bin/ranlib
configure:4103: result: ranlib
configure:4133: checking whether make sets $(MAKE)
configure:4155: result: yes
configure:4353: checking for gdc
configure:4383: result: no
configure:4389: checking for the Objective-C compiler
configure:4400: result: no
configure:4407: checking for javac
configure:4437: result: no
configure:4445: checking for txl
configure:4475: result: no
configure:4483: checking for ruby
configure:4513: result: no
configure:4521: checking for gmcs
configure:4551: result: no
configure:4559: checking for go
configure:4589: result: no
configure:4708: checking that generated files are newer than configure
configure:4714: result: done
configure:4749: creating ./config.status

## ---------------------- ##
## Running config.status. ##
## ---------------------- ##

This file was extended by ragel config.status 6.10, which was
generated by GNU Autoconf 2.69.  Invocation command line was

  CONFIG_FILES    = 
  CONFIG_HEADERS  = 
  CONFIG_LINKS    = 
  CONFIG_COMMANDS = 
  $ ./config.status 

on DESKTOP-43MK6AB

config.status:873: creating Makefile
config.status:873: creating ragel/Makefile
config.status:873: creating aapl/Makefile
config.status:873: creating doc/Makefile
config.status:873: creating doc/ragel.1
config.status:873: creating contrib/Makefile
config.status:873: creating test/Makefile
config.status:873: creating test/runtests
config.status:873: creating examples/Makefile
config.status:873: creating ragel/config.h
config.status:1102: executing depfiles commands
config.status:1102: executing default commands

## ---------------- ##
## Cache variables. ##
## ---------------- ##

ac_cv_c_compiler_gnu=yes
ac_cv_cxx_compiler_gnu=yes
ac_cv_env_CCC_set=
ac_cv_env_CCC_value=
ac_cv_env_CC_set=
ac_cv_env_CC_value=
ac_cv_env_CFLAGS_set=
ac_cv_env_CFLAGS_value=
ac_cv_env_CPPFLAGS_set=
ac_cv_env_CPPFLAGS_value=
ac_cv_env_CXXFLAGS_set=
ac_cv_env_CXXFLAGS_value=
ac_cv_env_CXX_set=
ac_cv_env_CXX_value=
ac_cv_env_LDFLAGS_set=
ac_cv_env_LDFLAGS_value=
ac_cv_env_LIBS_set=
ac_cv_env_LIBS_value=
ac_cv_env_build_alias_set=
ac_cv_env_build_alias_value=
ac_cv_env_host_alias_set=
ac_cv_env_host_alias_value=
ac_cv_env_target_alias_set=
ac_cv_env_target_alias_value=
ac_cv_exeext=.exe
ac_cv_objext=o
ac_cv_path_install='/bin/install -c'
ac_cv_path_mkdir=/bin/mkdir
ac_cv_prog_AWK=gawk
ac_cv_prog_ac_ct_AR=ar
ac_cv_prog_ac_ct_CC=gcc
ac_cv_prog_ac_ct_CXX=g++
ac_cv_prog_ac_ct_RANLIB=ranlib
ac_cv_prog_cc_c89=
ac_cv_prog_cc_g=yes
ac_cv_prog_cxx_g=yes
ac_cv_prog_make_make_set=yes
am_cv_CC_dependencies_compiler_type=gcc3
am_cv_CXX_dependencies_compiler_type=gcc3
am_cv_make_support_nested_variables=yes
am_cv_prog_cc_c_o=yes

## ----------------- ##
## Output variables. ##
## ----------------- ##

ACLOCAL='${SHELL} /d/Projects/Compiler/ragel-6.10/missing aclocal-1.15'
AMDEPBACKSLASH='\'
AMDEP_FALSE='#'
AMDEP_TRUE=''
AMTAR='$${TAR-tar}'
AM_BACKSLASH='\'
AM_DEFAULT_V='$(AM_DEFAULT_VERBOSITY)'
AM_DEFAULT_VERBOSITY='1'
AM_V='$(V)'
AR='ar'
AUTOCONF='${SHELL} /d/Projects/Compiler/ragel-6.10/missing autoconf'
AUTOHEADER='${SHELL} /d/Projects/Compiler/ragel-6.10/missing autoheader'
AUTOMAKE='${SHELL} /d/Projects/Compiler/ragel-6.10/missing automake-1.15'
AWK='gawk'
BUILD_MANUAL_FALSE=''
BUILD_MANUAL_TRUE='#'
BUILD_PARSERS_FALSE=''
BUILD_PARSERS_TRUE='#'
CC='gcc'
CCDEPMODE='depmode=gcc3'
CFLAGS='-g -O2'
CPPFLAGS=''
CXX='g++'
CXXDEPMODE='depmode=gcc3'
CXXFLAGS='-g -O2'
CYGPATH_W='echo'
DEFS='-DHAVE_CONFIG_H'
DEPDIR='.deps'
ECHO_C=''
ECHO_N='-n'
ECHO_T=''
EXEEXT='.exe'
FIG2DEV=''
GDC=''
GMCS=''
GOBIN=''
GOBJC=''
INSTALL_DATA='${INSTALL} -m 644'
INSTALL_PROGRAM='${INSTALL}'
INSTALL_SCRIPT='${INSTALL}'
INSTALL_STRIP_PROGRAM='$(install_sh) -c -s'
JAVAC=''
KELBT=''
LDFLAGS=''
LIBOBJS=''
LIBS=''
LTLIBOBJS=''
MAKEINFO='${SHELL} /d/Projects/Compiler/ragel-6.10/missing makeinfo'
MKDIR_P='/bin/mkdir -p'
OBJEXT='o'
PACKAGE='ragel'
PACKAGE_BUGREPORT=''
PACKAGE_NAME='ragel'
PACKAGE_STRING='ragel 6.10'
PACKAGE_TARNAME='ragel'
PACKAGE_URL=''
PACKAGE_VERSION='6.10'
PATH_SEPARATOR=':'
PDFLATEX=''
PUBDATE='March 2017'
RAGEL=''
RANLIB='ranlib'
RUBY=''
SET_MAKE=''
SHELL='/bin/sh'
STRIP=''
TXL=''
VERSION='6.10'
ac_ct_CC='gcc'
ac_ct_CXX='g++'
am__EXEEXT_FALSE='#'
am__EXEEXT_TRUE=''
am__fastdepCC_FALSE='#'
am__fastdepCC_TRUE=''
am__fastdepCXX_FALSE='#'
am__fastdepCXX_TRUE=''
am__include='include'
am__isrc=''
am__leading_dot='.'
am__nodep='_no'
am__quote=''
am__tar='$${TAR-tar} chof - "$$tardir"'
am__untar='$${TAR-tar} xf -'
bindir='${exec_prefix}/bin'
build_alias=''
datadir='${datarootdir}'
datarootdir='${prefix}/share'
docdir='${datarootdir}/doc/${PACKAGE_TARNAME}'
dvidir='${docdir}'
exec_prefix='${prefix}'
host_alias=''
htmldir='${docdir}'
includedir='${prefix}/include'
infodir='${datarootdir}/info'
install_sh='${SHELL} /d/Projects/Compiler/ragel-6.10/install-sh'
libdir='${exec_prefix}/lib'
libexecdir='${exec_prefix}/libexec'
localedir='${datarootdir}/locale'
localstatedir='${prefix}/var'
mandir='${datarootdir}/man'
mkdir_p='$(MKDIR_P)'
oldincludedir='/usr/include'
pdfdir='${docdir}'
prefix='/usr/local'
program_transform_name='s,x,x,'
psdir='${docdir}'
runstatedir='${localstatedir}/run'
sbindir='${exec_prefix}/sbin'
sharedstatedir='${prefix}/com'
sysconfdir='${prefix}/etc'
target_alias=''

## ----------- ##
## confdefs.h. ##
## ----------- ##

/* confdefs.h */
#define PACKAGE_NAME "ragel"
#define PACKAGE_TARNAME "ragel"
#define PACKAGE_VERSION "6.10"
#define PACKAGE_STRING "ragel 6.10"
#define PACKAGE_BUGREPORT ""
#define PACKAGE_URL ""
#define PACKAGE "ragel"
#define VERSION "6.10"

configure: exit 0
